<?xml version="1.0" encoding="UTF-8"?>
<!-- Generated by org.testng.reporters.JUnitReportReporter -->
<testsuite hostname="DESKTOP-RQJ524T" failures="0" tests="1" name="AutomationQA.SeleniumPractice.AutomationPracticeTest" time="13.574" errors="0" timestamp="2019-10-02T18:50:43 EDT" skipped="0">
  <testcase classname="AutomationQA.SeleniumPractice.AutomationPracticeTest" name="Verify_BuyWomenTShit" time="13.574"/>
</testsuite> <!-- AutomationQA.SeleniumPractice.AutomationPracticeTest -->
